2021-04-18 21:05:31,426 [Worker-3: Loading available Gradle versions] INFO  o.e.b.c.i.u.g.PublishedGradleVersions - Gradle version information cache is out-of-date. Trying to update.
2021-04-18 21:24:13,022 [Worker-33: Enabling Maven Dependency Management] INFO  o.e.m.c.i.l.LifecycleMappingFactory - Using org.maven.ide.eclipse.wtp.WarLifecycleMapping lifecycle mapping for MavenProject: DBSolution-Buyer:DBSolution-Buyer:0.0.1-SNAPSHOT @ D:\PAF-DBSolution\DBSolution-Buyer\pom.xml.
2021-04-18 21:24:14,043 [Worker-33: Enabling Maven Dependency Management] INFO  o.e.m.j.i.AbstractJavaProjectConfigurator - Adding source folder /DBSolution-Buyer/src
2021-04-18 21:24:14,044 [Worker-33: Enabling Maven Dependency Management] INFO  o.e.m.j.i.AbstractJavaProjectConfigurator - Not adding source folder /DBSolution-Buyer/src/test/java because it overlaps with /DBSolution-Buyer/src
2021-04-18 21:24:14,528 [Worker-33: Enabling Maven Dependency Management] INFO  o.e.m.c.i.p.ProjectConfigurationManager - Update started
2021-04-18 21:24:15,100 [Worker-33: Enabling Maven Dependency Management] INFO  o.e.m.c.i.l.LifecycleMappingFactory - Using org.maven.ide.eclipse.wtp.WarLifecycleMapping lifecycle mapping for MavenProject: DBSolution-Buyer:DBSolution-Buyer:0.0.1-SNAPSHOT @ D:\PAF-DBSolution\DBSolution-Buyer\pom.xml.
2021-04-18 21:24:15,860 [Worker-33: Enabling Maven Dependency Management] INFO  o.e.m.j.i.AbstractJavaProjectConfigurator - Adding source folder /DBSolution-Buyer/src
2021-04-18 21:24:15,860 [Worker-33: Enabling Maven Dependency Management] INFO  o.e.m.j.i.AbstractJavaProjectConfigurator - Not adding source folder /DBSolution-Buyer/src/test/java because it overlaps with /DBSolution-Buyer/src
2021-04-18 21:24:16,349 [Worker-33: Enabling Maven Dependency Management] INFO  o.e.m.w.i.f.ResourceFilteringBuildParticipant - Cleaning filtered folder for DBSolution-Buyer
2021-04-18 21:24:16,357 [Worker-33: Enabling Maven Dependency Management] INFO  o.e.m.c.i.p.ProjectConfigurationManager - Update completed: 1 sec
2021-04-18 21:24:21,829 [Worker-33: Enabling Maven Dependency Management] INFO  o.e.m.c.i.l.LifecycleMappingFactory - Using org.maven.ide.eclipse.wtp.WarLifecycleMapping lifecycle mapping for MavenProject: DBSolution-Funder:DBSolution-Funder:0.0.1-SNAPSHOT @ D:\PAF-DBSolution\DBSolution-Funder\pom.xml.
2021-04-18 21:24:21,852 [Worker-33: Enabling Maven Dependency Management] INFO  o.e.m.j.i.AbstractJavaProjectConfigurator - Adding source folder /DBSolution-Funder/src
2021-04-18 21:24:21,852 [Worker-33: Enabling Maven Dependency Management] INFO  o.e.m.j.i.AbstractJavaProjectConfigurator - Not adding source folder /DBSolution-Funder/src/test/java because it overlaps with /DBSolution-Funder/src
2021-04-18 21:24:22,212 [Worker-33: Enabling Maven Dependency Management] INFO  o.e.m.c.i.p.ProjectConfigurationManager - Update started
2021-04-18 21:24:22,236 [Worker-33: Enabling Maven Dependency Management] INFO  o.e.m.c.i.l.LifecycleMappingFactory - Using org.maven.ide.eclipse.wtp.WarLifecycleMapping lifecycle mapping for MavenProject: DBSolution-Funder:DBSolution-Funder:0.0.1-SNAPSHOT @ D:\PAF-DBSolution\DBSolution-Funder\pom.xml.
2021-04-18 21:24:22,323 [Worker-33: Enabling Maven Dependency Management] INFO  o.e.m.j.i.AbstractJavaProjectConfigurator - Adding source folder /DBSolution-Funder/src
2021-04-18 21:24:22,323 [Worker-33: Enabling Maven Dependency Management] INFO  o.e.m.j.i.AbstractJavaProjectConfigurator - Not adding source folder /DBSolution-Funder/src/test/java because it overlaps with /DBSolution-Funder/src
2021-04-18 21:24:22,874 [Worker-33: Enabling Maven Dependency Management] INFO  o.e.m.w.i.f.ResourceFilteringBuildParticipant - Cleaning filtered folder for DBSolution-Funder
2021-04-18 21:24:22,876 [Worker-33: Enabling Maven Dependency Management] INFO  o.e.m.c.i.p.ProjectConfigurationManager - Update completed: 0 sec
2021-04-18 21:24:26,199 [Worker-35: Building] WARN  o.e.m.c.i.embedder.EclipseLogger - Using platform encoding (Cp1252 actually) to copy filtered resources, i.e. build is platform dependent!
2021-04-18 21:24:26,200 [Worker-35: Building] INFO  o.e.m.c.i.embedder.EclipseLogger - skip non existing resourceDirectory D:\PAF-DBSolution\DBSolution-Buyer\src\main\resources
2021-04-18 21:24:26,202 [Worker-35: Building] WARN  o.e.m.c.i.embedder.EclipseLogger - Using platform encoding (Cp1252 actually) to copy filtered resources, i.e. build is platform dependent!
2021-04-18 21:24:26,202 [Worker-35: Building] INFO  o.e.m.c.i.embedder.EclipseLogger - skip non existing resourceDirectory D:\PAF-DBSolution\DBSolution-Buyer\src\test\resources
2021-04-18 21:24:26,203 [Worker-35: Building] INFO  o.e.m.w.i.f.ResourceFilteringBuildParticipant - Changed resources require a complete clean of filtered resources of DBSolution-Buyer
2021-04-18 21:24:26,203 [Worker-35: Building] INFO  o.e.m.w.i.f.ResourceFilteringBuildParticipant - Executing resource filtering for DBSolution-Buyer
2021-04-18 21:24:26,227 [Worker-35: Building] WARN  o.e.m.c.i.embedder.EclipseLogger - Using platform encoding (Cp1252 actually) to copy filtered resources, i.e. build is platform dependent!
2021-04-18 21:24:26,260 [Worker-35: Building] WARN  o.e.m.c.i.embedder.EclipseLogger - Using platform encoding (Cp1252 actually) to copy filtered resources, i.e. build is platform dependent!
2021-04-18 21:24:26,261 [Worker-35: Building] INFO  o.e.m.c.i.embedder.EclipseLogger - skip non existing resourceDirectory D:\PAF-DBSolution\DBSolution-Funder\src\main\resources
2021-04-18 21:24:26,262 [Worker-35: Building] WARN  o.e.m.c.i.embedder.EclipseLogger - Using platform encoding (Cp1252 actually) to copy filtered resources, i.e. build is platform dependent!
2021-04-18 21:24:26,263 [Worker-35: Building] INFO  o.e.m.c.i.embedder.EclipseLogger - skip non existing resourceDirectory D:\PAF-DBSolution\DBSolution-Funder\src\test\resources
2021-04-18 21:24:26,263 [Worker-35: Building] INFO  o.e.m.w.i.f.ResourceFilteringBuildParticipant - Changed resources require a complete clean of filtered resources of DBSolution-Funder
2021-04-18 21:24:26,263 [Worker-35: Building] INFO  o.e.m.w.i.f.ResourceFilteringBuildParticipant - Executing resource filtering for DBSolution-Funder
2021-04-18 21:24:26,267 [Worker-35: Building] WARN  o.e.m.c.i.embedder.EclipseLogger - Using platform encoding (Cp1252 actually) to copy filtered resources, i.e. build is platform dependent!
2021-04-18 21:24:29,504 [Worker-35: Enabling Maven Dependency Management] INFO  o.e.m.c.i.l.LifecycleMappingFactory - Using org.maven.ide.eclipse.wtp.WarLifecycleMapping lifecycle mapping for MavenProject: DBSolution-Payements:DBSolution-Payements:0.0.1-SNAPSHOT @ D:\PAF-DBSolution\DBSolution-Payements\pom.xml.
2021-04-18 21:24:29,538 [Worker-35: Enabling Maven Dependency Management] INFO  o.e.m.j.i.AbstractJavaProjectConfigurator - Adding source folder /DBSolution-Payements/src
2021-04-18 21:24:29,538 [Worker-35: Enabling Maven Dependency Management] INFO  o.e.m.j.i.AbstractJavaProjectConfigurator - Not adding source folder /DBSolution-Payements/src/test/java because it overlaps with /DBSolution-Payements/src
2021-04-18 21:24:29,867 [Worker-35: Enabling Maven Dependency Management] INFO  o.e.m.c.i.p.ProjectConfigurationManager - Update started
2021-04-18 21:24:29,889 [Worker-35: Enabling Maven Dependency Management] INFO  o.e.m.c.i.l.LifecycleMappingFactory - Using org.maven.ide.eclipse.wtp.WarLifecycleMapping lifecycle mapping for MavenProject: DBSolution-Payements:DBSolution-Payements:0.0.1-SNAPSHOT @ D:\PAF-DBSolution\DBSolution-Payements\pom.xml.
2021-04-18 21:24:30,137 [Worker-35: Enabling Maven Dependency Management] INFO  o.e.m.j.i.AbstractJavaProjectConfigurator - Adding source folder /DBSolution-Payements/src
2021-04-18 21:24:30,138 [Worker-35: Enabling Maven Dependency Management] INFO  o.e.m.j.i.AbstractJavaProjectConfigurator - Not adding source folder /DBSolution-Payements/src/test/java because it overlaps with /DBSolution-Payements/src
2021-04-18 21:24:30,748 [Worker-35: Enabling Maven Dependency Management] INFO  o.e.m.w.i.f.ResourceFilteringBuildParticipant - Cleaning filtered folder for DBSolution-Payements
2021-04-18 21:24:30,752 [Worker-35: Enabling Maven Dependency Management] INFO  o.e.m.c.i.p.ProjectConfigurationManager - Update completed: 0 sec
2021-04-18 21:24:33,901 [Worker-38: Building] WARN  o.e.m.c.i.embedder.EclipseLogger - Using platform encoding (Cp1252 actually) to copy filtered resources, i.e. build is platform dependent!
2021-04-18 21:24:34,031 [Worker-38: Building] INFO  o.e.m.c.i.embedder.EclipseLogger - skip non existing resourceDirectory D:\PAF-DBSolution\DBSolution-Payements\src\main\resources
2021-04-18 21:24:34,033 [Worker-38: Building] WARN  o.e.m.c.i.embedder.EclipseLogger - Using platform encoding (Cp1252 actually) to copy filtered resources, i.e. build is platform dependent!
2021-04-18 21:24:34,034 [Worker-38: Building] INFO  o.e.m.c.i.embedder.EclipseLogger - skip non existing resourceDirectory D:\PAF-DBSolution\DBSolution-Payements\src\test\resources
2021-04-18 21:24:34,035 [Worker-38: Building] INFO  o.e.m.w.i.f.ResourceFilteringBuildParticipant - Changed resources require a complete clean of filtered resources of DBSolution-Payements
2021-04-18 21:24:34,035 [Worker-38: Building] INFO  o.e.m.w.i.f.ResourceFilteringBuildParticipant - Executing resource filtering for DBSolution-Payements
2021-04-18 21:24:34,039 [Worker-38: Building] WARN  o.e.m.c.i.embedder.EclipseLogger - Using platform encoding (Cp1252 actually) to copy filtered resources, i.e. build is platform dependent!
2021-04-18 21:24:37,867 [Worker-35: Enabling Maven Dependency Management] INFO  o.e.m.c.i.l.LifecycleMappingFactory - Using org.maven.ide.eclipse.wtp.WarLifecycleMapping lifecycle mapping for MavenProject: DBSolution-Researcher:DBSolution-Researcher:0.0.1-SNAPSHOT @ D:\PAF-DBSolution\DBSolution-Researcher\pom.xml.
2021-04-18 21:24:38,395 [Worker-35: Enabling Maven Dependency Management] INFO  o.e.m.j.i.AbstractJavaProjectConfigurator - Adding source folder /DBSolution-Researcher/src
2021-04-18 21:24:38,396 [Worker-35: Enabling Maven Dependency Management] INFO  o.e.m.j.i.AbstractJavaProjectConfigurator - Not adding source folder /DBSolution-Researcher/src/test/java because it overlaps with /DBSolution-Researcher/src
2021-04-18 21:24:38,860 [Worker-35: Enabling Maven Dependency Management] INFO  o.e.m.c.i.p.ProjectConfigurationManager - Update started
2021-04-18 21:24:39,214 [Worker-35: Enabling Maven Dependency Management] INFO  o.e.m.c.i.l.LifecycleMappingFactory - Using org.maven.ide.eclipse.wtp.WarLifecycleMapping lifecycle mapping for MavenProject: DBSolution-Researcher:DBSolution-Researcher:0.0.1-SNAPSHOT @ D:\PAF-DBSolution\DBSolution-Researcher\pom.xml.
2021-04-18 21:24:40,154 [Worker-35: Enabling Maven Dependency Management] INFO  o.e.m.j.i.AbstractJavaProjectConfigurator - Adding source folder /DBSolution-Researcher/src
2021-04-18 21:24:40,154 [Worker-35: Enabling Maven Dependency Management] INFO  o.e.m.j.i.AbstractJavaProjectConfigurator - Not adding source folder /DBSolution-Researcher/src/test/java because it overlaps with /DBSolution-Researcher/src
2021-04-18 21:24:40,749 [Worker-35: Enabling Maven Dependency Management] INFO  o.e.m.w.i.f.ResourceFilteringBuildParticipant - Cleaning filtered folder for DBSolution-Researcher
2021-04-18 21:24:40,751 [Worker-35: Enabling Maven Dependency Management] INFO  o.e.m.c.i.p.ProjectConfigurationManager - Update completed: 1 sec
2021-04-18 21:24:42,475 [Worker-33: Building] WARN  o.e.m.c.i.embedder.EclipseLogger - Using platform encoding (Cp1252 actually) to copy filtered resources, i.e. build is platform dependent!
2021-04-18 21:24:42,476 [Worker-33: Building] INFO  o.e.m.c.i.embedder.EclipseLogger - skip non existing resourceDirectory D:\PAF-DBSolution\DBSolution-Researcher\src\main\resources
2021-04-18 21:24:42,477 [Worker-33: Building] WARN  o.e.m.c.i.embedder.EclipseLogger - Using platform encoding (Cp1252 actually) to copy filtered resources, i.e. build is platform dependent!
2021-04-18 21:24:42,477 [Worker-33: Building] INFO  o.e.m.c.i.embedder.EclipseLogger - skip non existing resourceDirectory D:\PAF-DBSolution\DBSolution-Researcher\src\test\resources
2021-04-18 21:24:42,478 [Worker-33: Building] INFO  o.e.m.w.i.f.ResourceFilteringBuildParticipant - Changed resources require a complete clean of filtered resources of DBSolution-Researcher
2021-04-18 21:24:42,478 [Worker-33: Building] INFO  o.e.m.w.i.f.ResourceFilteringBuildParticipant - Executing resource filtering for DBSolution-Researcher
2021-04-18 21:24:42,481 [Worker-33: Building] WARN  o.e.m.c.i.embedder.EclipseLogger - Using platform encoding (Cp1252 actually) to copy filtered resources, i.e. build is platform dependent!
2021-04-18 21:24:45,100 [Worker-38: Enabling Maven Dependency Management] INFO  o.e.m.c.i.l.LifecycleMappingFactory - Using org.maven.ide.eclipse.wtp.WarLifecycleMapping lifecycle mapping for MavenProject: DBSolution-ReserachProjects:DBSolution-ReserachProjects:0.0.1-SNAPSHOT @ D:\PAF-DBSolution\DBSolution-ReserachProjects\pom.xml.
2021-04-18 21:24:45,162 [Worker-38: Enabling Maven Dependency Management] INFO  o.e.m.j.i.AbstractJavaProjectConfigurator - Adding source folder /DBSolution-ReserachProjects/src
2021-04-18 21:24:45,162 [Worker-38: Enabling Maven Dependency Management] INFO  o.e.m.j.i.AbstractJavaProjectConfigurator - Not adding source folder /DBSolution-ReserachProjects/src/test/java because it overlaps with /DBSolution-ReserachProjects/src
2021-04-18 21:24:45,736 [Worker-38: Enabling Maven Dependency Management] INFO  o.e.m.c.i.p.ProjectConfigurationManager - Update started
2021-04-18 21:24:46,002 [Worker-38: Enabling Maven Dependency Management] INFO  o.e.m.c.i.l.LifecycleMappingFactory - Using org.maven.ide.eclipse.wtp.WarLifecycleMapping lifecycle mapping for MavenProject: DBSolution-ReserachProjects:DBSolution-ReserachProjects:0.0.1-SNAPSHOT @ D:\PAF-DBSolution\DBSolution-ReserachProjects\pom.xml.
2021-04-18 21:24:46,347 [Worker-38: Enabling Maven Dependency Management] INFO  o.e.m.j.i.AbstractJavaProjectConfigurator - Adding source folder /DBSolution-ReserachProjects/src
2021-04-18 21:24:46,349 [Worker-38: Enabling Maven Dependency Management] INFO  o.e.m.j.i.AbstractJavaProjectConfigurator - Not adding source folder /DBSolution-ReserachProjects/src/test/java because it overlaps with /DBSolution-ReserachProjects/src
2021-04-18 21:24:46,923 [Worker-38: Enabling Maven Dependency Management] INFO  o.e.m.w.i.f.ResourceFilteringBuildParticipant - Cleaning filtered folder for DBSolution-ReserachProjects
2021-04-18 21:24:46,949 [Worker-38: Enabling Maven Dependency Management] INFO  o.e.m.c.i.p.ProjectConfigurationManager - Update completed: 1 sec
2021-04-18 21:24:47,272 [Worker-33: Building] WARN  o.e.m.c.i.embedder.EclipseLogger - Using platform encoding (Cp1252 actually) to copy filtered resources, i.e. build is platform dependent!
2021-04-18 21:24:47,273 [Worker-33: Building] INFO  o.e.m.c.i.embedder.EclipseLogger - skip non existing resourceDirectory D:\PAF-DBSolution\DBSolution-ReserachProjects\src\main\resources
2021-04-18 21:24:47,274 [Worker-33: Building] WARN  o.e.m.c.i.embedder.EclipseLogger - Using platform encoding (Cp1252 actually) to copy filtered resources, i.e. build is platform dependent!
2021-04-18 21:24:47,275 [Worker-33: Building] INFO  o.e.m.c.i.embedder.EclipseLogger - skip non existing resourceDirectory D:\PAF-DBSolution\DBSolution-ReserachProjects\src\test\resources
2021-04-18 21:24:47,275 [Worker-33: Building] INFO  o.e.m.w.i.f.ResourceFilteringBuildParticipant - Changed resources require a complete clean of filtered resources of DBSolution-ReserachProjects
2021-04-18 21:24:47,276 [Worker-33: Building] INFO  o.e.m.w.i.f.ResourceFilteringBuildParticipant - Executing resource filtering for DBSolution-ReserachProjects
2021-04-18 21:24:47,279 [Worker-33: Building] WARN  o.e.m.c.i.embedder.EclipseLogger - Using platform encoding (Cp1252 actually) to copy filtered resources, i.e. build is platform dependent!
2021-04-18 21:29:42,645 [Worker-33: Building] INFO  o.e.m.c.i.l.LifecycleMappingFactory - Using org.maven.ide.eclipse.wtp.WarLifecycleMapping lifecycle mapping for MavenProject: DBSolution-Funder:DBSolution-Funder:0.0.1-SNAPSHOT @ D:\PAF-DBSolution\DBSolution-Funder\pom.xml.
2021-04-18 21:29:42,764 [Worker-33: Building] WARN  o.e.m.c.i.embedder.EclipseLogger - Using platform encoding (Cp1252 actually) to copy filtered resources, i.e. build is platform dependent!
2021-04-18 21:29:42,765 [Worker-33: Building] INFO  o.e.m.c.i.embedder.EclipseLogger - skip non existing resourceDirectory D:\PAF-DBSolution\DBSolution-Funder\src\main\resources
2021-04-18 21:29:42,766 [Worker-33: Building] WARN  o.e.m.c.i.embedder.EclipseLogger - Using platform encoding (Cp1252 actually) to copy filtered resources, i.e. build is platform dependent!
2021-04-18 21:29:42,766 [Worker-33: Building] INFO  o.e.m.c.i.embedder.EclipseLogger - skip non existing resourceDirectory D:\PAF-DBSolution\DBSolution-Funder\src\test\resources
2021-04-18 21:29:42,767 [Worker-33: Building] INFO  o.e.m.w.i.f.ResourceFilteringBuildParticipant - Changed resources require a complete clean of filtered resources of DBSolution-Funder
2021-04-18 21:29:42,767 [Worker-33: Building] INFO  o.e.m.w.i.f.ResourceFilteringBuildParticipant - Executing resource filtering for DBSolution-Funder
2021-04-18 21:29:42,769 [Worker-33: Building] WARN  o.e.m.c.i.embedder.EclipseLogger - Using platform encoding (Cp1252 actually) to copy filtered resources, i.e. build is platform dependent!
2021-04-18 21:31:51,537 [Worker-36: Building] INFO  o.e.m.c.i.l.LifecycleMappingFactory - Using org.maven.ide.eclipse.wtp.WarLifecycleMapping lifecycle mapping for MavenProject: DBSolution-Payements:DBSolution-Payements:0.0.1-SNAPSHOT @ D:\PAF-DBSolution\DBSolution-Payements\pom.xml.
2021-04-18 21:31:51,638 [Worker-36: Building] WARN  o.e.m.c.i.embedder.EclipseLogger - Using platform encoding (Cp1252 actually) to copy filtered resources, i.e. build is platform dependent!
2021-04-18 21:31:51,638 [Worker-36: Building] INFO  o.e.m.c.i.embedder.EclipseLogger - skip non existing resourceDirectory D:\PAF-DBSolution\DBSolution-Payements\src\main\resources
2021-04-18 21:31:51,639 [Worker-36: Building] WARN  o.e.m.c.i.embedder.EclipseLogger - Using platform encoding (Cp1252 actually) to copy filtered resources, i.e. build is platform dependent!
2021-04-18 21:31:51,640 [Worker-36: Building] INFO  o.e.m.c.i.embedder.EclipseLogger - skip non existing resourceDirectory D:\PAF-DBSolution\DBSolution-Payements\src\test\resources
2021-04-18 21:31:51,640 [Worker-36: Building] INFO  o.e.m.w.i.f.ResourceFilteringBuildParticipant - Changed resources require a complete clean of filtered resources of DBSolution-Payements
2021-04-18 21:31:51,640 [Worker-36: Building] INFO  o.e.m.w.i.f.ResourceFilteringBuildParticipant - Executing resource filtering for DBSolution-Payements
2021-04-18 21:31:51,642 [Worker-36: Building] WARN  o.e.m.c.i.embedder.EclipseLogger - Using platform encoding (Cp1252 actually) to copy filtered resources, i.e. build is platform dependent!
2021-04-18 21:32:36,557 [Worker-41: Building] INFO  o.e.m.c.i.l.LifecycleMappingFactory - Using org.maven.ide.eclipse.wtp.WarLifecycleMapping lifecycle mapping for MavenProject: DBSolution-Researcher:DBSolution-Researcher:0.0.1-SNAPSHOT @ D:\PAF-DBSolution\DBSolution-Researcher\pom.xml.
2021-04-18 21:32:36,655 [Worker-41: Building] WARN  o.e.m.c.i.embedder.EclipseLogger - Using platform encoding (Cp1252 actually) to copy filtered resources, i.e. build is platform dependent!
2021-04-18 21:32:36,656 [Worker-41: Building] INFO  o.e.m.c.i.embedder.EclipseLogger - skip non existing resourceDirectory D:\PAF-DBSolution\DBSolution-Researcher\src\main\resources
2021-04-18 21:32:36,657 [Worker-41: Building] WARN  o.e.m.c.i.embedder.EclipseLogger - Using platform encoding (Cp1252 actually) to copy filtered resources, i.e. build is platform dependent!
2021-04-18 21:32:36,658 [Worker-41: Building] INFO  o.e.m.c.i.embedder.EclipseLogger - skip non existing resourceDirectory D:\PAF-DBSolution\DBSolution-Researcher\src\test\resources
2021-04-18 21:32:36,658 [Worker-41: Building] INFO  o.e.m.w.i.f.ResourceFilteringBuildParticipant - Changed resources require a complete clean of filtered resources of DBSolution-Researcher
2021-04-18 21:32:36,658 [Worker-41: Building] INFO  o.e.m.w.i.f.ResourceFilteringBuildParticipant - Executing resource filtering for DBSolution-Researcher
2021-04-18 21:32:36,661 [Worker-41: Building] WARN  o.e.m.c.i.embedder.EclipseLogger - Using platform encoding (Cp1252 actually) to copy filtered resources, i.e. build is platform dependent!
2021-04-18 21:33:49,046 [Worker-43: Building] INFO  o.e.m.c.i.l.LifecycleMappingFactory - Using org.maven.ide.eclipse.wtp.WarLifecycleMapping lifecycle mapping for MavenProject: DBSolution-ReserachProjects:DBSolution-ReserachProjects:0.0.1-SNAPSHOT @ D:\PAF-DBSolution\DBSolution-ReserachProjects\pom.xml.
2021-04-18 21:33:49,146 [Worker-43: Building] WARN  o.e.m.c.i.embedder.EclipseLogger - Using platform encoding (Cp1252 actually) to copy filtered resources, i.e. build is platform dependent!
2021-04-18 21:33:49,147 [Worker-43: Building] INFO  o.e.m.c.i.embedder.EclipseLogger - skip non existing resourceDirectory D:\PAF-DBSolution\DBSolution-ReserachProjects\src\main\resources
2021-04-18 21:33:49,148 [Worker-43: Building] WARN  o.e.m.c.i.embedder.EclipseLogger - Using platform encoding (Cp1252 actually) to copy filtered resources, i.e. build is platform dependent!
2021-04-18 21:33:49,148 [Worker-43: Building] INFO  o.e.m.c.i.embedder.EclipseLogger - skip non existing resourceDirectory D:\PAF-DBSolution\DBSolution-ReserachProjects\src\test\resources
2021-04-18 21:33:49,148 [Worker-43: Building] INFO  o.e.m.w.i.f.ResourceFilteringBuildParticipant - Changed resources require a complete clean of filtered resources of DBSolution-ReserachProjects
2021-04-18 21:33:49,148 [Worker-43: Building] INFO  o.e.m.w.i.f.ResourceFilteringBuildParticipant - Executing resource filtering for DBSolution-ReserachProjects
2021-04-18 21:33:49,150 [Worker-43: Building] WARN  o.e.m.c.i.embedder.EclipseLogger - Using platform encoding (Cp1252 actually) to copy filtered resources, i.e. build is platform dependent!
2021-04-18 21:35:23,938 [Worker-43: Building] INFO  o.e.m.c.i.l.LifecycleMappingFactory - Using org.maven.ide.eclipse.wtp.WarLifecycleMapping lifecycle mapping for MavenProject: DBSolution-Buyer:DBSolution-Buyer:0.0.1-SNAPSHOT @ D:\PAF-DBSolution\DBSolution-Buyer\pom.xml.
2021-04-18 21:35:24,036 [Worker-43: Building] WARN  o.e.m.c.i.embedder.EclipseLogger - Using platform encoding (Cp1252 actually) to copy filtered resources, i.e. build is platform dependent!
2021-04-18 21:35:24,037 [Worker-43: Building] INFO  o.e.m.c.i.embedder.EclipseLogger - skip non existing resourceDirectory D:\PAF-DBSolution\DBSolution-Buyer\src\main\resources
2021-04-18 21:35:24,037 [Worker-43: Building] WARN  o.e.m.c.i.embedder.EclipseLogger - Using platform encoding (Cp1252 actually) to copy filtered resources, i.e. build is platform dependent!
2021-04-18 21:35:24,038 [Worker-43: Building] INFO  o.e.m.c.i.embedder.EclipseLogger - skip non existing resourceDirectory D:\PAF-DBSolution\DBSolution-Buyer\src\test\resources
2021-04-18 21:35:24,038 [Worker-43: Building] INFO  o.e.m.w.i.f.ResourceFilteringBuildParticipant - Changed resources require a complete clean of filtered resources of DBSolution-Buyer
2021-04-18 21:35:24,038 [Worker-43: Building] INFO  o.e.m.w.i.f.ResourceFilteringBuildParticipant - Executing resource filtering for DBSolution-Buyer
2021-04-18 21:35:24,040 [Worker-43: Building] WARN  o.e.m.c.i.embedder.EclipseLogger - Using platform encoding (Cp1252 actually) to copy filtered resources, i.e. build is platform dependent!
2021-04-18 21:36:10,210 [Worker-40: Building] WARN  o.e.m.c.i.embedder.EclipseLogger - Using platform encoding (Cp1252 actually) to copy filtered resources, i.e. build is platform dependent!
2021-04-18 21:36:10,211 [Worker-40: Building] INFO  o.e.m.c.i.embedder.EclipseLogger - skip non existing resourceDirectory D:\PAF-DBSolution\DBSolution-Buyer\src\main\resources
2021-04-18 21:36:10,212 [Worker-40: Building] WARN  o.e.m.c.i.embedder.EclipseLogger - Using platform encoding (Cp1252 actually) to copy filtered resources, i.e. build is platform dependent!
2021-04-18 21:36:10,212 [Worker-40: Building] INFO  o.e.m.c.i.embedder.EclipseLogger - skip non existing resourceDirectory D:\PAF-DBSolution\DBSolution-Buyer\src\test\resources
2021-04-18 21:36:10,234 [Worker-40: Building] WARN  o.e.m.c.i.embedder.EclipseLogger - Using platform encoding (Cp1252 actually) to copy filtered resources, i.e. build is platform dependent!
2021-04-18 21:36:10,235 [Worker-40: Building] INFO  o.e.m.c.i.embedder.EclipseLogger - skip non existing resourceDirectory D:\PAF-DBSolution\DBSolution-Funder\src\main\resources
2021-04-18 21:36:10,235 [Worker-40: Building] WARN  o.e.m.c.i.embedder.EclipseLogger - Using platform encoding (Cp1252 actually) to copy filtered resources, i.e. build is platform dependent!
2021-04-18 21:36:10,236 [Worker-40: Building] INFO  o.e.m.c.i.embedder.EclipseLogger - skip non existing resourceDirectory D:\PAF-DBSolution\DBSolution-Funder\src\test\resources
2021-04-18 21:36:10,264 [Worker-40: Building] WARN  o.e.m.c.i.embedder.EclipseLogger - Using platform encoding (Cp1252 actually) to copy filtered resources, i.e. build is platform dependent!
2021-04-18 21:36:10,265 [Worker-40: Building] INFO  o.e.m.c.i.embedder.EclipseLogger - skip non existing resourceDirectory D:\PAF-DBSolution\DBSolution-Researcher\src\main\resources
2021-04-18 21:36:10,266 [Worker-40: Building] WARN  o.e.m.c.i.embedder.EclipseLogger - Using platform encoding (Cp1252 actually) to copy filtered resources, i.e. build is platform dependent!
2021-04-18 21:36:10,267 [Worker-40: Building] INFO  o.e.m.c.i.embedder.EclipseLogger - skip non existing resourceDirectory D:\PAF-DBSolution\DBSolution-Researcher\src\test\resources
2021-04-18 21:36:10,295 [Worker-40: Building] WARN  o.e.m.c.i.embedder.EclipseLogger - Using platform encoding (Cp1252 actually) to copy filtered resources, i.e. build is platform dependent!
2021-04-18 21:36:10,295 [Worker-40: Building] INFO  o.e.m.c.i.embedder.EclipseLogger - skip non existing resourceDirectory D:\PAF-DBSolution\DBSolution-ReserachProjects\src\main\resources
2021-04-18 21:36:10,296 [Worker-40: Building] WARN  o.e.m.c.i.embedder.EclipseLogger - Using platform encoding (Cp1252 actually) to copy filtered resources, i.e. build is platform dependent!
2021-04-18 21:36:10,297 [Worker-40: Building] INFO  o.e.m.c.i.embedder.EclipseLogger - skip non existing resourceDirectory D:\PAF-DBSolution\DBSolution-ReserachProjects\src\test\resources
2021-04-18 21:37:41,684 [Worker-41: Enabling Maven Dependency Management] INFO  o.e.m.c.i.l.LifecycleMappingFactory - Using org.maven.ide.eclipse.wtp.WarLifecycleMapping lifecycle mapping for MavenProject: DBSolution-Payement:DBSolution-Payement:0.0.1-SNAPSHOT @ D:\PAF-DBSolution\DBSolution-Payement\pom.xml.
2021-04-18 21:37:41,965 [Worker-41: Enabling Maven Dependency Management] INFO  o.e.m.j.i.AbstractJavaProjectConfigurator - Adding source folder /DBSolution-Payement/src
2021-04-18 21:37:41,965 [Worker-41: Enabling Maven Dependency Management] INFO  o.e.m.j.i.AbstractJavaProjectConfigurator - Not adding source folder /DBSolution-Payement/src/test/java because it overlaps with /DBSolution-Payement/src
2021-04-18 21:37:42,292 [Worker-41: Enabling Maven Dependency Management] INFO  o.e.m.c.i.p.ProjectConfigurationManager - Update started
2021-04-18 21:37:42,479 [Worker-41: Enabling Maven Dependency Management] INFO  o.e.m.c.i.l.LifecycleMappingFactory - Using org.maven.ide.eclipse.wtp.WarLifecycleMapping lifecycle mapping for MavenProject: DBSolution-Payement:DBSolution-Payement:0.0.1-SNAPSHOT @ D:\PAF-DBSolution\DBSolution-Payement\pom.xml.
2021-04-18 21:37:43,091 [Worker-41: Enabling Maven Dependency Management] INFO  o.e.m.j.i.AbstractJavaProjectConfigurator - Adding source folder /DBSolution-Payement/src
2021-04-18 21:37:43,091 [Worker-41: Enabling Maven Dependency Management] INFO  o.e.m.j.i.AbstractJavaProjectConfigurator - Not adding source folder /DBSolution-Payement/src/test/java because it overlaps with /DBSolution-Payement/src
2021-04-18 21:37:43,494 [Worker-41: Enabling Maven Dependency Management] INFO  o.e.m.w.i.f.ResourceFilteringBuildParticipant - Cleaning filtered folder for DBSolution-Payement
2021-04-18 21:37:43,496 [Worker-41: Enabling Maven Dependency Management] INFO  o.e.m.c.i.p.ProjectConfigurationManager - Update completed: 1 sec
2021-04-18 21:37:49,127 [Worker-44: Building] WARN  o.e.m.c.i.embedder.EclipseLogger - Using platform encoding (Cp1252 actually) to copy filtered resources, i.e. build is platform dependent!
2021-04-18 21:37:49,128 [Worker-44: Building] INFO  o.e.m.c.i.embedder.EclipseLogger - skip non existing resourceDirectory D:\PAF-DBSolution\DBSolution-Payement\src\main\resources
2021-04-18 21:37:49,129 [Worker-44: Building] WARN  o.e.m.c.i.embedder.EclipseLogger - Using platform encoding (Cp1252 actually) to copy filtered resources, i.e. build is platform dependent!
2021-04-18 21:37:49,129 [Worker-44: Building] INFO  o.e.m.c.i.embedder.EclipseLogger - skip non existing resourceDirectory D:\PAF-DBSolution\DBSolution-Payement\src\test\resources
2021-04-18 21:37:49,130 [Worker-44: Building] INFO  o.e.m.w.i.f.ResourceFilteringBuildParticipant - Changed resources require a complete clean of filtered resources of DBSolution-Payement
2021-04-18 21:37:49,130 [Worker-44: Building] INFO  o.e.m.w.i.f.ResourceFilteringBuildParticipant - Executing resource filtering for DBSolution-Payement
2021-04-18 21:37:49,132 [Worker-44: Building] WARN  o.e.m.c.i.embedder.EclipseLogger - Using platform encoding (Cp1252 actually) to copy filtered resources, i.e. build is platform dependent!
2021-04-18 21:38:50,197 [Worker-44: Building] INFO  o.e.m.c.i.l.LifecycleMappingFactory - Using org.maven.ide.eclipse.wtp.WarLifecycleMapping lifecycle mapping for MavenProject: DBSolution-Payement:DBSolution-Payement:0.0.1-SNAPSHOT @ D:\PAF-DBSolution\DBSolution-Payement\pom.xml.
2021-04-18 21:38:50,548 [Worker-44: Building] WARN  o.e.m.c.i.embedder.EclipseLogger - Using platform encoding (Cp1252 actually) to copy filtered resources, i.e. build is platform dependent!
2021-04-18 21:38:50,549 [Worker-44: Building] INFO  o.e.m.c.i.embedder.EclipseLogger - skip non existing resourceDirectory D:\PAF-DBSolution\DBSolution-Payement\src\main\resources
2021-04-18 21:38:50,550 [Worker-44: Building] WARN  o.e.m.c.i.embedder.EclipseLogger - Using platform encoding (Cp1252 actually) to copy filtered resources, i.e. build is platform dependent!
2021-04-18 21:38:50,550 [Worker-44: Building] INFO  o.e.m.c.i.embedder.EclipseLogger - skip non existing resourceDirectory D:\PAF-DBSolution\DBSolution-Payement\src\test\resources
2021-04-18 21:38:50,551 [Worker-44: Building] INFO  o.e.m.w.i.f.ResourceFilteringBuildParticipant - Changed resources require a complete clean of filtered resources of DBSolution-Payement
2021-04-18 21:38:50,551 [Worker-44: Building] INFO  o.e.m.w.i.f.ResourceFilteringBuildParticipant - Executing resource filtering for DBSolution-Payement
2021-04-18 21:38:50,552 [Worker-44: Building] WARN  o.e.m.c.i.embedder.EclipseLogger - Using platform encoding (Cp1252 actually) to copy filtered resources, i.e. build is platform dependent!
2021-04-18 21:40:24,884 [Worker-41: Enabling Maven Dependency Management] INFO  o.e.m.c.i.l.LifecycleMappingFactory - Using org.maven.ide.eclipse.wtp.WarLifecycleMapping lifecycle mapping for MavenProject: DBSolution-Researchers:DBSolution-Researchers:0.0.1-SNAPSHOT @ D:\PAF-DBSolution\DBSolution-Researchers\pom.xml.
2021-04-18 21:40:24,973 [Worker-41: Enabling Maven Dependency Management] INFO  o.e.m.j.i.AbstractJavaProjectConfigurator - Adding source folder /DBSolution-Researchers/src
2021-04-18 21:40:24,974 [Worker-41: Enabling Maven Dependency Management] INFO  o.e.m.j.i.AbstractJavaProjectConfigurator - Not adding source folder /DBSolution-Researchers/src/test/java because it overlaps with /DBSolution-Researchers/src
2021-04-18 21:40:25,513 [Worker-41: Enabling Maven Dependency Management] INFO  o.e.m.c.i.p.ProjectConfigurationManager - Update started
2021-04-18 21:40:25,532 [Worker-41: Enabling Maven Dependency Management] INFO  o.e.m.c.i.l.LifecycleMappingFactory - Using org.maven.ide.eclipse.wtp.WarLifecycleMapping lifecycle mapping for MavenProject: DBSolution-Researchers:DBSolution-Researchers:0.0.1-SNAPSHOT @ D:\PAF-DBSolution\DBSolution-Researchers\pom.xml.
2021-04-18 21:40:25,619 [Worker-41: Enabling Maven Dependency Management] INFO  o.e.m.j.i.AbstractJavaProjectConfigurator - Adding source folder /DBSolution-Researchers/src
2021-04-18 21:40:25,620 [Worker-41: Enabling Maven Dependency Management] INFO  o.e.m.j.i.AbstractJavaProjectConfigurator - Not adding source folder /DBSolution-Researchers/src/test/java because it overlaps with /DBSolution-Researchers/src
2021-04-18 21:40:26,167 [Worker-41: Enabling Maven Dependency Management] INFO  o.e.m.w.i.f.ResourceFilteringBuildParticipant - Cleaning filtered folder for DBSolution-Researchers
2021-04-18 21:40:26,169 [Worker-41: Enabling Maven Dependency Management] INFO  o.e.m.c.i.p.ProjectConfigurationManager - Update completed: 0 sec
2021-04-18 21:40:34,727 [Worker-48: Building] WARN  o.e.m.c.i.embedder.EclipseLogger - Using platform encoding (Cp1252 actually) to copy filtered resources, i.e. build is platform dependent!
2021-04-18 21:40:34,727 [Worker-48: Building] INFO  o.e.m.c.i.embedder.EclipseLogger - skip non existing resourceDirectory D:\PAF-DBSolution\DBSolution-Researchers\src\main\resources
2021-04-18 21:40:34,728 [Worker-48: Building] WARN  o.e.m.c.i.embedder.EclipseLogger - Using platform encoding (Cp1252 actually) to copy filtered resources, i.e. build is platform dependent!
2021-04-18 21:40:34,728 [Worker-48: Building] INFO  o.e.m.c.i.embedder.EclipseLogger - skip non existing resourceDirectory D:\PAF-DBSolution\DBSolution-Researchers\src\test\resources
2021-04-18 21:40:34,728 [Worker-48: Building] INFO  o.e.m.w.i.f.ResourceFilteringBuildParticipant - Changed resources require a complete clean of filtered resources of DBSolution-Researchers
2021-04-18 21:40:34,728 [Worker-48: Building] INFO  o.e.m.w.i.f.ResourceFilteringBuildParticipant - Executing resource filtering for DBSolution-Researchers
2021-04-18 21:40:34,737 [Worker-48: Building] WARN  o.e.m.c.i.embedder.EclipseLogger - Using platform encoding (Cp1252 actually) to copy filtered resources, i.e. build is platform dependent!
2021-04-18 21:41:30,518 [Worker-46: Building] INFO  o.e.m.c.i.l.LifecycleMappingFactory - Using org.maven.ide.eclipse.wtp.WarLifecycleMapping lifecycle mapping for MavenProject: DBSolution-Researchers:DBSolution-Researchers:0.0.1-SNAPSHOT @ D:\PAF-DBSolution\DBSolution-Researchers\pom.xml.
2021-04-18 21:41:30,885 [Worker-46: Building] WARN  o.e.m.c.i.embedder.EclipseLogger - Using platform encoding (Cp1252 actually) to copy filtered resources, i.e. build is platform dependent!
2021-04-18 21:41:30,886 [Worker-46: Building] INFO  o.e.m.c.i.embedder.EclipseLogger - skip non existing resourceDirectory D:\PAF-DBSolution\DBSolution-Researchers\src\main\resources
2021-04-18 21:41:30,886 [Worker-46: Building] WARN  o.e.m.c.i.embedder.EclipseLogger - Using platform encoding (Cp1252 actually) to copy filtered resources, i.e. build is platform dependent!
2021-04-18 21:41:30,887 [Worker-46: Building] INFO  o.e.m.c.i.embedder.EclipseLogger - skip non existing resourceDirectory D:\PAF-DBSolution\DBSolution-Researchers\src\test\resources
2021-04-18 21:41:30,887 [Worker-46: Building] INFO  o.e.m.w.i.f.ResourceFilteringBuildParticipant - Changed resources require a complete clean of filtered resources of DBSolution-Researchers
2021-04-18 21:41:30,887 [Worker-46: Building] INFO  o.e.m.w.i.f.ResourceFilteringBuildParticipant - Executing resource filtering for DBSolution-Researchers
2021-04-18 21:41:30,889 [Worker-46: Building] WARN  o.e.m.c.i.embedder.EclipseLogger - Using platform encoding (Cp1252 actually) to copy filtered resources, i.e. build is platform dependent!
2021-04-18 21:42:49,835 [Worker-51: Enabling Maven Dependency Management] INFO  o.e.m.c.i.l.LifecycleMappingFactory - Using org.maven.ide.eclipse.wtp.WarLifecycleMapping lifecycle mapping for MavenProject: DBSolution-Researchproject:DBSolution-Researchproject:0.0.1-SNAPSHOT @ D:\PAF-DBSolution\DBSolution-Researchproject\pom.xml.
2021-04-18 21:42:50,215 [Worker-51: Enabling Maven Dependency Management] INFO  o.e.m.j.i.AbstractJavaProjectConfigurator - Adding source folder /DBSolution-Researchproject/src
2021-04-18 21:42:50,215 [Worker-51: Enabling Maven Dependency Management] INFO  o.e.m.j.i.AbstractJavaProjectConfigurator - Not adding source folder /DBSolution-Researchproject/src/test/java because it overlaps with /DBSolution-Researchproject/src
2021-04-18 21:42:50,556 [Worker-51: Enabling Maven Dependency Management] INFO  o.e.m.c.i.p.ProjectConfigurationManager - Update started
2021-04-18 21:42:50,774 [Worker-51: Enabling Maven Dependency Management] INFO  o.e.m.c.i.l.LifecycleMappingFactory - Using org.maven.ide.eclipse.wtp.WarLifecycleMapping lifecycle mapping for MavenProject: DBSolution-Researchproject:DBSolution-Researchproject:0.0.1-SNAPSHOT @ D:\PAF-DBSolution\DBSolution-Researchproject\pom.xml.
2021-04-18 21:42:51,347 [Worker-51: Enabling Maven Dependency Management] INFO  o.e.m.j.i.AbstractJavaProjectConfigurator - Adding source folder /DBSolution-Researchproject/src
2021-04-18 21:42:51,347 [Worker-51: Enabling Maven Dependency Management] INFO  o.e.m.j.i.AbstractJavaProjectConfigurator - Not adding source folder /DBSolution-Researchproject/src/test/java because it overlaps with /DBSolution-Researchproject/src
2021-04-18 21:42:51,751 [Worker-51: Enabling Maven Dependency Management] INFO  o.e.m.w.i.f.ResourceFilteringBuildParticipant - Cleaning filtered folder for DBSolution-Researchproject
2021-04-18 21:42:51,774 [Worker-51: Enabling Maven Dependency Management] INFO  o.e.m.c.i.p.ProjectConfigurationManager - Update completed: 1 sec
2021-04-18 21:42:51,886 [Worker-50: Building] WARN  o.e.m.c.i.embedder.EclipseLogger - Using platform encoding (Cp1252 actually) to copy filtered resources, i.e. build is platform dependent!
2021-04-18 21:42:51,887 [Worker-50: Building] INFO  o.e.m.c.i.embedder.EclipseLogger - skip non existing resourceDirectory D:\PAF-DBSolution\DBSolution-Researchproject\src\main\resources
2021-04-18 21:42:51,888 [Worker-50: Building] WARN  o.e.m.c.i.embedder.EclipseLogger - Using platform encoding (Cp1252 actually) to copy filtered resources, i.e. build is platform dependent!
2021-04-18 21:42:51,889 [Worker-50: Building] INFO  o.e.m.c.i.embedder.EclipseLogger - skip non existing resourceDirectory D:\PAF-DBSolution\DBSolution-Researchproject\src\test\resources
2021-04-18 21:42:51,889 [Worker-50: Building] INFO  o.e.m.w.i.f.ResourceFilteringBuildParticipant - Changed resources require a complete clean of filtered resources of DBSolution-Researchproject
2021-04-18 21:42:51,889 [Worker-50: Building] INFO  o.e.m.w.i.f.ResourceFilteringBuildParticipant - Executing resource filtering for DBSolution-Researchproject
2021-04-18 21:42:51,892 [Worker-50: Building] WARN  o.e.m.c.i.embedder.EclipseLogger - Using platform encoding (Cp1252 actually) to copy filtered resources, i.e. build is platform dependent!
2021-04-18 21:43:51,240 [Worker-41: Building] INFO  o.e.m.c.i.l.LifecycleMappingFactory - Using org.maven.ide.eclipse.wtp.WarLifecycleMapping lifecycle mapping for MavenProject: DBSolution-Researchproject:DBSolution-Researchproject:0.0.1-SNAPSHOT @ D:\PAF-DBSolution\DBSolution-Researchproject\pom.xml.
2021-04-18 21:43:51,571 [Worker-41: Building] WARN  o.e.m.c.i.embedder.EclipseLogger - Using platform encoding (Cp1252 actually) to copy filtered resources, i.e. build is platform dependent!
2021-04-18 21:43:51,572 [Worker-41: Building] INFO  o.e.m.c.i.embedder.EclipseLogger - skip non existing resourceDirectory D:\PAF-DBSolution\DBSolution-Researchproject\src\main\resources
2021-04-18 21:43:51,573 [Worker-41: Building] WARN  o.e.m.c.i.embedder.EclipseLogger - Using platform encoding (Cp1252 actually) to copy filtered resources, i.e. build is platform dependent!
2021-04-18 21:43:51,573 [Worker-41: Building] INFO  o.e.m.c.i.embedder.EclipseLogger - skip non existing resourceDirectory D:\PAF-DBSolution\DBSolution-Researchproject\src\test\resources
2021-04-18 21:43:51,574 [Worker-41: Building] INFO  o.e.m.w.i.f.ResourceFilteringBuildParticipant - Changed resources require a complete clean of filtered resources of DBSolution-Researchproject
2021-04-18 21:43:51,574 [Worker-41: Building] INFO  o.e.m.w.i.f.ResourceFilteringBuildParticipant - Executing resource filtering for DBSolution-Researchproject
2021-04-18 21:43:51,577 [Worker-41: Building] WARN  o.e.m.c.i.embedder.EclipseLogger - Using platform encoding (Cp1252 actually) to copy filtered resources, i.e. build is platform dependent!
2021-04-18 22:26:31,045 [Worker-2: Loading available Gradle versions] INFO  o.e.b.c.i.u.g.PublishedGradleVersions - Gradle version information cache is up-to-date. Trying to read.
2021-04-18 22:26:35,471 [Worker-4: Building] WARN  o.e.m.c.i.embedder.EclipseLogger - Using platform encoding (Cp1252 actually) to copy filtered resources, i.e. build is platform dependent!
2021-04-18 22:26:35,473 [Worker-4: Building] INFO  o.e.m.c.i.embedder.EclipseLogger - skip non existing resourceDirectory D:\PAF-DBSolution\DBSolution-Buyer\src\main\resources
2021-04-18 22:26:35,477 [Worker-4: Building] WARN  o.e.m.c.i.embedder.EclipseLogger - Using platform encoding (Cp1252 actually) to copy filtered resources, i.e. build is platform dependent!
2021-04-18 22:26:35,478 [Worker-4: Building] INFO  o.e.m.c.i.embedder.EclipseLogger - skip non existing resourceDirectory D:\PAF-DBSolution\DBSolution-Buyer\src\test\resources
